2020-05-24 13:10:20,156 INFO listen for service meta change

2020-05-24 13:10:22,456 INFO [SERVER-INIT] got port: 8848

2020-05-24 13:10:22,456 INFO [SERVER-INIT] got path: /nacos

2020-05-24 13:10:23,191 INFO receive config info: unknown#85825721ee90:8848#1590297023191#1


2020-05-24 13:10:23,193 ERROR [SERVER-STATUS] Exception while sending server status

java.lang.IllegalArgumentException: server: 85825721ee90:8848 is not in serverlist
	at com.alibaba.nacos.naming.cluster.ServerListManager.onReceiveServerStatus(ServerListManager.java:198)
	at com.alibaba.nacos.naming.cluster.ServerListManager$ServerStatusReporter.run(ServerListManager.java:345)
	at java.util.concurrent.Executors$RunnableAdapter.call(Executors.java:511)
	at java.util.concurrent.FutureTask.run(FutureTask.java:266)
	at java.util.concurrent.ScheduledThreadPoolExecutor$ScheduledFutureTask.access$201(ScheduledThreadPoolExecutor.java:180)
	at java.util.concurrent.ScheduledThreadPoolExecutor$ScheduledFutureTask.run(ScheduledThreadPoolExecutor.java:293)
	at java.util.concurrent.ThreadPoolExecutor.runWorker(ThreadPoolExecutor.java:1149)
	at java.util.concurrent.ThreadPoolExecutor$Worker.run(ThreadPoolExecutor.java:624)
	at java.lang.Thread.run(Thread.java:748)
2020-05-24 13:10:25,194 INFO receive config info: unknown#85825721ee90:8848#1590297025193#1


2020-05-24 13:10:27,194 INFO [NACOS-DISTRO] healthy server list changed, old: [], new: [{"adWeight":0,"alive":true,"ip":"85825721ee90","key":"85825721ee90:8848","lastRefTime":1590297025193,"lastRefTimeStr":"2020-05-24 13:10:25","servePort":8848,"site":"unknown","weight":1}]

2020-05-24 13:10:27,194 INFO [NACOS-DISTRO] disable health check for 60000 ms from now on.

2020-05-24 13:10:27,195 INFO receive config info: unknown#85825721ee90:8848#1590297027195#1


2020-05-24 13:10:29,195 INFO receive config info: unknown#85825721ee90:8848#1590297029195#1


2020-05-24 13:10:31,196 INFO receive config info: unknown#85825721ee90:8848#1590297031196#1


2020-05-24 13:10:33,197 INFO receive config info: unknown#85825721ee90:8848#1590297033197#1


2020-05-24 13:10:35,197 INFO receive config info: unknown#85825721ee90:8848#1590297035197#1


2020-05-24 13:10:37,198 INFO receive config info: unknown#85825721ee90:8848#1590297037198#1


2020-05-24 13:10:39,199 INFO receive config info: unknown#85825721ee90:8848#1590297039199#1


2020-05-24 13:10:41,200 INFO receive config info: unknown#85825721ee90:8848#1590297041200#1


2020-05-24 13:10:43,200 INFO receive config info: unknown#85825721ee90:8848#1590297043200#1


2020-05-24 13:10:45,201 INFO receive config info: unknown#85825721ee90:8848#1590297045201#1


2020-05-24 13:10:47,202 INFO receive config info: unknown#85825721ee90:8848#1590297047202#1


2020-05-24 13:10:49,202 INFO receive config info: unknown#85825721ee90:8848#1590297049202#1


2020-05-24 13:10:51,203 INFO receive config info: unknown#85825721ee90:8848#1590297051203#1


2020-05-24 13:10:53,204 INFO receive config info: unknown#85825721ee90:8848#1590297053204#1


2020-05-24 13:10:55,204 INFO receive config info: unknown#85825721ee90:8848#1590297055204#1


2020-05-24 13:10:57,205 INFO receive config info: unknown#85825721ee90:8848#1590297057205#1


2020-05-24 13:10:59,206 INFO receive config info: unknown#85825721ee90:8848#1590297059206#1


2020-05-24 13:11:01,206 INFO receive config info: unknown#85825721ee90:8848#1590297061206#1


2020-05-24 13:11:03,207 INFO receive config info: unknown#85825721ee90:8848#1590297063207#1


2020-05-24 13:11:05,207 INFO receive config info: unknown#85825721ee90:8848#1590297065207#1


2020-05-24 13:11:07,209 INFO receive config info: unknown#85825721ee90:8848#1590297067209#1


2020-05-24 13:11:09,211 INFO receive config info: unknown#85825721ee90:8848#1590297069211#1


2020-05-24 13:11:11,212 INFO receive config info: unknown#85825721ee90:8848#1590297071212#1


2020-05-24 13:11:13,212 INFO receive config info: unknown#85825721ee90:8848#1590297073212#1


2020-05-24 13:11:15,213 INFO receive config info: unknown#85825721ee90:8848#1590297075213#1


2020-05-24 13:11:17,214 INFO receive config info: unknown#85825721ee90:8848#1590297077214#1


2020-05-24 13:11:19,215 INFO receive config info: unknown#85825721ee90:8848#1590297079215#1


2020-05-24 13:11:21,216 INFO receive config info: unknown#85825721ee90:8848#1590297081216#1


2020-05-24 13:11:23,216 INFO receive config info: unknown#85825721ee90:8848#1590297083216#1


2020-05-24 13:11:25,218 INFO receive config info: unknown#85825721ee90:8848#1590297085218#1


2020-05-24 13:11:27,218 INFO [NACOS-DISTRO] distro threshold restored and stable now, enable health check. current ratio: 1.0

2020-05-24 13:11:27,219 INFO receive config info: unknown#85825721ee90:8848#1590297087218#1


2020-05-24 13:11:29,219 INFO receive config info: unknown#85825721ee90:8848#1590297089219#1


2020-05-24 13:11:31,219 INFO receive config info: unknown#85825721ee90:8848#1590297091219#1


2020-05-24 13:11:33,221 INFO receive config info: unknown#85825721ee90:8848#1590297093221#1


2020-05-24 13:11:35,222 INFO receive config info: unknown#85825721ee90:8848#1590297095222#1


2020-05-24 13:11:37,224 INFO receive config info: unknown#85825721ee90:8848#1590297097224#1


2020-05-24 13:11:39,225 INFO receive config info: unknown#85825721ee90:8848#1590297099225#1


2020-05-24 13:11:41,226 INFO receive config info: unknown#85825721ee90:8848#1590297101226#1


2020-05-24 13:11:43,226 INFO receive config info: unknown#85825721ee90:8848#1590297103226#1


2020-05-24 13:11:45,228 INFO receive config info: unknown#85825721ee90:8848#1590297105228#1


2020-05-24 13:11:47,229 INFO receive config info: unknown#85825721ee90:8848#1590297107229#1


2020-05-24 13:11:49,229 INFO receive config info: unknown#85825721ee90:8848#1590297109229#1


2020-05-24 13:11:51,231 INFO receive config info: unknown#85825721ee90:8848#1590297111231#1


2020-05-24 13:11:53,233 INFO receive config info: unknown#85825721ee90:8848#1590297113233#1


2020-05-24 13:11:55,234 INFO receive config info: unknown#85825721ee90:8848#1590297115234#1


2020-05-24 13:11:57,235 INFO receive config info: unknown#85825721ee90:8848#1590297117235#1


2020-05-24 13:11:59,236 INFO receive config info: unknown#85825721ee90:8848#1590297119236#1


2020-05-24 13:12:01,237 INFO receive config info: unknown#85825721ee90:8848#1590297121237#1


2020-05-24 13:12:03,238 INFO receive config info: unknown#85825721ee90:8848#1590297123238#1


2020-05-24 13:12:05,239 INFO receive config info: unknown#85825721ee90:8848#1590297125239#1


2020-05-24 13:12:07,240 INFO receive config info: unknown#85825721ee90:8848#1590297127240#1


2020-05-24 13:12:09,241 INFO receive config info: unknown#85825721ee90:8848#1590297129241#1


2020-05-24 13:12:11,242 INFO receive config info: unknown#85825721ee90:8848#1590297131242#1


2020-05-24 13:12:13,243 INFO receive config info: unknown#85825721ee90:8848#1590297133243#1


2020-05-24 13:12:15,243 INFO receive config info: unknown#85825721ee90:8848#1590297135243#1


2020-05-24 13:12:17,246 INFO receive config info: unknown#85825721ee90:8848#1590297137246#1


2020-05-24 13:12:19,247 INFO receive config info: unknown#85825721ee90:8848#1590297139247#1


2020-05-24 13:12:21,248 INFO receive config info: unknown#85825721ee90:8848#1590297141248#1


2020-05-24 13:12:23,249 INFO receive config info: unknown#85825721ee90:8848#1590297143249#1


2020-05-24 13:12:25,251 INFO receive config info: unknown#85825721ee90:8848#1590297145251#1


2020-05-24 13:12:27,252 INFO receive config info: unknown#85825721ee90:8848#1590297147252#1


2020-05-24 13:12:29,252 INFO receive config info: unknown#85825721ee90:8848#1590297149252#1


2020-05-24 13:12:31,253 INFO receive config info: unknown#85825721ee90:8848#1590297151253#1


2020-05-24 13:12:33,254 INFO receive config info: unknown#85825721ee90:8848#1590297153254#1


2020-05-24 13:12:35,255 INFO receive config info: unknown#85825721ee90:8848#1590297155255#1


2020-05-24 13:12:37,256 INFO receive config info: unknown#85825721ee90:8848#1590297157256#1


2020-05-24 13:12:39,257 INFO receive config info: unknown#85825721ee90:8848#1590297159257#1


2020-05-24 13:12:41,258 INFO receive config info: unknown#85825721ee90:8848#1590297161258#1


2020-05-24 13:12:43,259 INFO receive config info: unknown#85825721ee90:8848#1590297163259#1


2020-05-24 13:12:45,259 INFO receive config info: unknown#85825721ee90:8848#1590297165259#1


2020-05-24 13:12:47,260 INFO receive config info: unknown#85825721ee90:8848#1590297167260#1


2020-05-24 13:12:49,261 INFO receive config info: unknown#85825721ee90:8848#1590297169261#1


2020-05-24 13:12:51,262 INFO receive config info: unknown#85825721ee90:8848#1590297171262#1


2020-05-24 13:12:53,263 INFO receive config info: unknown#85825721ee90:8848#1590297173263#1


2020-05-24 13:12:55,264 INFO receive config info: unknown#85825721ee90:8848#1590297175264#1


2020-05-24 13:12:57,264 INFO receive config info: unknown#85825721ee90:8848#1590297177264#1


2020-05-24 13:12:59,265 INFO receive config info: unknown#85825721ee90:8848#1590297179265#1


2020-05-24 13:13:01,265 INFO receive config info: unknown#85825721ee90:8848#1590297181265#1


2020-05-24 13:13:03,266 INFO receive config info: unknown#85825721ee90:8848#1590297183266#1


2020-05-24 13:13:05,268 INFO receive config info: unknown#85825721ee90:8848#1590297185268#1


2020-05-24 13:13:07,269 INFO receive config info: unknown#85825721ee90:8848#1590297187269#1


2020-05-24 13:13:09,270 INFO receive config info: unknown#85825721ee90:8848#1590297189270#1


2020-05-24 13:13:11,271 INFO receive config info: unknown#85825721ee90:8848#1590297191271#1


2020-05-24 13:13:13,272 INFO receive config info: unknown#85825721ee90:8848#1590297193272#1


2020-05-24 13:13:15,273 INFO receive config info: unknown#85825721ee90:8848#1590297195273#1


2020-05-24 13:13:17,274 INFO receive config info: unknown#85825721ee90:8848#1590297197274#1


2020-05-24 13:13:19,275 INFO receive config info: unknown#85825721ee90:8848#1590297199275#1


2020-05-24 13:13:21,276 INFO receive config info: unknown#85825721ee90:8848#1590297201276#1


2020-05-24 13:13:23,277 INFO receive config info: unknown#85825721ee90:8848#1590297203277#1


2020-05-24 13:13:25,278 INFO receive config info: unknown#85825721ee90:8848#1590297205278#1


2020-05-24 13:13:27,279 INFO receive config info: unknown#85825721ee90:8848#1590297207279#1


2020-05-24 13:13:29,280 INFO receive config info: unknown#85825721ee90:8848#1590297209280#1


2020-05-24 13:13:31,281 INFO receive config info: unknown#85825721ee90:8848#1590297211281#1


2020-05-24 13:13:33,282 INFO receive config info: unknown#85825721ee90:8848#1590297213282#1


2020-05-24 13:13:35,283 INFO receive config info: unknown#85825721ee90:8848#1590297215283#1


2020-05-24 13:13:37,284 INFO receive config info: unknown#85825721ee90:8848#1590297217284#1


2020-05-24 13:13:39,284 INFO receive config info: unknown#85825721ee90:8848#1590297219284#1


2020-05-24 13:13:41,285 INFO receive config info: unknown#85825721ee90:8848#1590297221285#1


2020-05-24 13:13:43,286 INFO receive config info: unknown#85825721ee90:8848#1590297223286#1


2020-05-24 13:13:45,287 INFO receive config info: unknown#85825721ee90:8848#1590297225286#1


2020-05-24 13:31:17,809 INFO listen for service meta change

2020-05-24 13:31:20,582 INFO [SERVER-INIT] got port: 8848

2020-05-24 13:31:20,582 INFO [SERVER-INIT] got path: /nacos

2020-05-24 13:31:20,873 INFO receive config info: unknown#85825721ee90:8848#1590298280873#1


2020-05-24 13:31:20,876 ERROR [SERVER-STATUS] Exception while sending server status

java.lang.IllegalArgumentException: server: 85825721ee90:8848 is not in serverlist
	at com.alibaba.nacos.naming.cluster.ServerListManager.onReceiveServerStatus(ServerListManager.java:198)
	at com.alibaba.nacos.naming.cluster.ServerListManager$ServerStatusReporter.run(ServerListManager.java:345)
	at java.util.concurrent.Executors$RunnableAdapter.call(Executors.java:511)
	at java.util.concurrent.FutureTask.run(FutureTask.java:266)
	at java.util.concurrent.ScheduledThreadPoolExecutor$ScheduledFutureTask.access$201(ScheduledThreadPoolExecutor.java:180)
	at java.util.concurrent.ScheduledThreadPoolExecutor$ScheduledFutureTask.run(ScheduledThreadPoolExecutor.java:293)
	at java.util.concurrent.ThreadPoolExecutor.runWorker(ThreadPoolExecutor.java:1149)
	at java.util.concurrent.ThreadPoolExecutor$Worker.run(ThreadPoolExecutor.java:624)
	at java.lang.Thread.run(Thread.java:748)
2020-05-24 13:31:22,877 INFO receive config info: unknown#85825721ee90:8848#1590298282877#1


2020-05-24 13:31:24,878 INFO [NACOS-DISTRO] healthy server list changed, old: [], new: [{"adWeight":0,"alive":true,"ip":"85825721ee90","key":"85825721ee90:8848","lastRefTime":1590298282877,"lastRefTimeStr":"2020-05-24 13:31:22","servePort":8848,"site":"unknown","weight":1}]

2020-05-24 13:31:24,878 INFO [NACOS-DISTRO] disable health check for 60000 ms from now on.

2020-05-24 13:31:24,879 INFO receive config info: unknown#85825721ee90:8848#1590298284878#1


2020-05-24 13:31:26,879 INFO receive config info: unknown#85825721ee90:8848#1590298286879#1


2020-05-24 13:31:28,880 INFO receive config info: unknown#85825721ee90:8848#1590298288880#1


2020-05-24 13:31:30,881 INFO receive config info: unknown#85825721ee90:8848#1590298290881#1


2020-05-24 13:31:32,882 INFO receive config info: unknown#85825721ee90:8848#1590298292882#1


2020-05-24 13:31:34,883 INFO receive config info: unknown#85825721ee90:8848#1590298294883#1


2020-05-24 13:31:36,884 INFO receive config info: unknown#85825721ee90:8848#1590298296884#1


2020-05-24 13:31:38,885 INFO receive config info: unknown#85825721ee90:8848#1590298298885#1


2020-05-24 13:31:40,886 INFO receive config info: unknown#85825721ee90:8848#1590298300886#1


2020-05-24 13:31:42,887 INFO receive config info: unknown#85825721ee90:8848#1590298302887#1


2020-05-24 13:31:44,888 INFO receive config info: unknown#85825721ee90:8848#1590298304888#1


2020-05-24 13:31:46,888 INFO receive config info: unknown#85825721ee90:8848#1590298306888#1


2020-05-24 13:31:48,890 INFO receive config info: unknown#85825721ee90:8848#1590298308890#1


2020-05-24 13:31:50,891 INFO receive config info: unknown#85825721ee90:8848#1590298310891#1


2020-05-24 13:31:52,892 INFO receive config info: unknown#85825721ee90:8848#1590298312892#1


2020-05-24 13:31:54,893 INFO receive config info: unknown#85825721ee90:8848#1590298314893#1


2020-05-24 13:31:56,893 INFO receive config info: unknown#85825721ee90:8848#1590298316893#1


2020-05-24 13:31:58,894 INFO receive config info: unknown#85825721ee90:8848#1590298318894#1


2020-05-24 13:32:00,895 INFO receive config info: unknown#85825721ee90:8848#1590298320895#1


2020-05-24 13:32:02,895 INFO receive config info: unknown#85825721ee90:8848#1590298322895#1


2020-05-24 13:32:04,896 INFO receive config info: unknown#85825721ee90:8848#1590298324896#1


2020-05-24 13:32:06,897 INFO receive config info: unknown#85825721ee90:8848#1590298326897#1


2020-05-24 13:32:08,898 INFO receive config info: unknown#85825721ee90:8848#1590298328898#1


2020-05-24 13:32:10,898 INFO receive config info: unknown#85825721ee90:8848#1590298330898#1


2020-05-24 13:32:12,899 INFO receive config info: unknown#85825721ee90:8848#1590298332899#1


2020-05-24 13:32:14,900 INFO receive config info: unknown#85825721ee90:8848#1590298334900#1


2020-05-24 13:32:16,900 INFO receive config info: unknown#85825721ee90:8848#1590298336900#1


2020-05-24 13:32:18,901 INFO receive config info: unknown#85825721ee90:8848#1590298338901#1


2020-05-24 13:32:20,902 INFO receive config info: unknown#85825721ee90:8848#1590298340902#1


2020-05-24 13:32:22,902 INFO receive config info: unknown#85825721ee90:8848#1590298342902#1


2020-05-24 13:32:24,903 INFO [NACOS-DISTRO] distro threshold restored and stable now, enable health check. current ratio: 1.0

2020-05-24 13:32:24,903 INFO receive config info: unknown#85825721ee90:8848#1590298344903#1


2020-05-24 13:32:26,904 INFO receive config info: unknown#85825721ee90:8848#1590298346904#1


2020-05-24 13:32:28,905 INFO receive config info: unknown#85825721ee90:8848#1590298348905#1


2020-05-24 13:32:30,905 INFO receive config info: unknown#85825721ee90:8848#1590298350905#1


2020-05-24 13:32:32,906 INFO receive config info: unknown#85825721ee90:8848#1590298352906#1


2020-05-24 13:32:34,907 INFO receive config info: unknown#85825721ee90:8848#1590298354907#1


2020-05-24 13:32:36,907 INFO receive config info: unknown#85825721ee90:8848#1590298356907#1


2020-05-24 13:32:38,908 INFO receive config info: unknown#85825721ee90:8848#1590298358908#1


2020-05-24 13:32:40,908 INFO receive config info: unknown#85825721ee90:8848#1590298360908#1


2020-05-24 13:32:42,909 INFO receive config info: unknown#85825721ee90:8848#1590298362909#1


2020-05-24 13:32:44,910 INFO receive config info: unknown#85825721ee90:8848#1590298364910#1


2020-05-24 13:32:46,910 INFO receive config info: unknown#85825721ee90:8848#1590298366910#1


2020-05-24 13:32:48,911 INFO receive config info: unknown#85825721ee90:8848#1590298368911#1


2020-05-24 13:32:50,912 INFO receive config info: unknown#85825721ee90:8848#1590298370912#1


2020-05-24 13:32:52,913 INFO receive config info: unknown#85825721ee90:8848#1590298372913#1


2020-05-24 13:32:54,914 INFO receive config info: unknown#85825721ee90:8848#1590298374914#1


2020-05-24 13:32:56,914 INFO receive config info: unknown#85825721ee90:8848#1590298376914#1


2020-05-24 13:32:58,915 INFO receive config info: unknown#85825721ee90:8848#1590298378915#1


2020-05-24 13:33:00,916 INFO receive config info: unknown#85825721ee90:8848#1590298380916#1


2020-05-24 13:33:02,917 INFO receive config info: unknown#85825721ee90:8848#1590298382916#1


2020-05-24 13:33:04,917 INFO receive config info: unknown#85825721ee90:8848#1590298384917#1


2020-05-24 13:33:06,918 INFO receive config info: unknown#85825721ee90:8848#1590298386918#1


2020-05-24 13:33:08,919 INFO receive config info: unknown#85825721ee90:8848#1590298388919#1


2020-05-24 13:33:10,919 INFO receive config info: unknown#85825721ee90:8848#1590298390919#1


2020-05-24 13:33:12,920 INFO receive config info: unknown#85825721ee90:8848#1590298392920#1


2020-05-24 13:33:14,921 INFO receive config info: unknown#85825721ee90:8848#1590298394921#1


2020-05-24 13:33:16,922 INFO receive config info: unknown#85825721ee90:8848#1590298396922#1


2020-05-24 13:33:18,923 INFO receive config info: unknown#85825721ee90:8848#1590298398923#1


2020-05-24 13:33:20,924 INFO receive config info: unknown#85825721ee90:8848#1590298400923#1


2020-05-24 13:33:22,924 INFO receive config info: unknown#85825721ee90:8848#1590298402924#1


2020-05-24 13:33:24,925 INFO receive config info: unknown#85825721ee90:8848#1590298404925#1


2020-05-24 13:33:26,925 INFO receive config info: unknown#85825721ee90:8848#1590298406925#1


2020-05-24 13:33:28,926 INFO receive config info: unknown#85825721ee90:8848#1590298408926#1


2020-05-24 13:33:30,927 INFO receive config info: unknown#85825721ee90:8848#1590298410927#1


2020-05-24 13:33:32,928 INFO receive config info: unknown#85825721ee90:8848#1590298412928#1


2020-05-24 13:33:34,928 INFO receive config info: unknown#85825721ee90:8848#1590298414928#1


2020-05-24 13:33:36,929 INFO receive config info: unknown#85825721ee90:8848#1590298416929#1


2020-05-24 13:33:38,930 INFO receive config info: unknown#85825721ee90:8848#1590298418930#1


2020-05-24 13:33:40,931 INFO receive config info: unknown#85825721ee90:8848#1590298420931#1


2020-05-24 13:33:42,932 INFO receive config info: unknown#85825721ee90:8848#1590298422932#1


2020-05-24 13:33:44,933 INFO receive config info: unknown#85825721ee90:8848#1590298424933#1


2020-05-24 13:33:46,934 INFO receive config info: unknown#85825721ee90:8848#1590298426934#1


2020-05-24 13:33:48,934 INFO receive config info: unknown#85825721ee90:8848#1590298428934#1


2020-05-24 13:33:50,935 INFO receive config info: unknown#85825721ee90:8848#1590298430935#1


2020-05-24 13:33:52,936 INFO receive config info: unknown#85825721ee90:8848#1590298432936#1


2020-05-24 13:33:54,937 INFO receive config info: unknown#85825721ee90:8848#1590298434937#1


2020-05-24 13:33:56,937 INFO receive config info: unknown#85825721ee90:8848#1590298436937#1


2020-05-24 13:33:58,938 INFO receive config info: unknown#85825721ee90:8848#1590298438938#1


2020-05-24 13:34:00,939 INFO receive config info: unknown#85825721ee90:8848#1590298440939#1


2020-05-24 13:34:02,939 INFO receive config info: unknown#85825721ee90:8848#1590298442939#1


2020-05-24 13:34:04,940 INFO receive config info: unknown#85825721ee90:8848#1590298444940#1


2020-05-24 13:34:06,941 INFO receive config info: unknown#85825721ee90:8848#1590298446941#1


2020-05-24 13:34:08,941 INFO receive config info: unknown#85825721ee90:8848#1590298448941#1


2020-05-24 13:34:10,942 INFO receive config info: unknown#85825721ee90:8848#1590298450942#1


2020-05-24 13:34:12,942 INFO receive config info: unknown#85825721ee90:8848#1590298452942#1


2020-05-24 13:34:14,943 INFO receive config info: unknown#85825721ee90:8848#1590298454943#1


2020-05-24 13:34:16,943 INFO receive config info: unknown#85825721ee90:8848#1590298456943#1


2020-05-24 13:34:18,944 INFO receive config info: unknown#85825721ee90:8848#1590298458944#1


2020-05-24 13:34:20,944 INFO receive config info: unknown#85825721ee90:8848#1590298460944#1


2020-05-24 13:34:22,945 INFO receive config info: unknown#85825721ee90:8848#1590298462945#1


2020-05-24 13:34:24,945 INFO receive config info: unknown#85825721ee90:8848#1590298464945#1


2020-05-24 13:34:26,946 INFO receive config info: unknown#85825721ee90:8848#1590298466946#1


2020-05-24 13:34:28,947 INFO receive config info: unknown#85825721ee90:8848#1590298468947#1


2020-05-24 13:34:30,947 INFO receive config info: unknown#85825721ee90:8848#1590298470947#1


2020-05-24 13:34:32,948 INFO receive config info: unknown#85825721ee90:8848#1590298472948#1


2020-05-24 13:34:34,949 INFO receive config info: unknown#85825721ee90:8848#1590298474949#1


2020-05-24 13:34:36,950 INFO receive config info: unknown#85825721ee90:8848#1590298476950#1


2020-05-24 13:34:38,950 INFO receive config info: unknown#85825721ee90:8848#1590298478950#1


2020-05-24 13:34:40,951 INFO receive config info: unknown#85825721ee90:8848#1590298480951#1


2020-05-24 13:34:42,952 INFO receive config info: unknown#85825721ee90:8848#1590298482952#1


2020-05-24 13:34:44,953 INFO receive config info: unknown#85825721ee90:8848#1590298484953#1


2020-05-24 13:34:46,953 INFO receive config info: unknown#85825721ee90:8848#1590298486953#1


2020-05-24 13:34:48,954 INFO receive config info: unknown#85825721ee90:8848#1590298488954#1


2020-05-24 13:34:50,954 INFO receive config info: unknown#85825721ee90:8848#1590298490954#1


2020-05-24 13:34:52,955 INFO receive config info: unknown#85825721ee90:8848#1590298492955#1


2020-05-24 13:34:54,955 INFO receive config info: unknown#85825721ee90:8848#1590298494955#1


2020-05-24 13:34:56,956 INFO receive config info: unknown#85825721ee90:8848#1590298496956#1


2020-05-24 13:34:58,957 INFO receive config info: unknown#85825721ee90:8848#1590298498957#1


2020-05-24 13:35:00,958 INFO receive config info: unknown#85825721ee90:8848#1590298500958#1


2020-05-24 13:35:02,958 INFO receive config info: unknown#85825721ee90:8848#1590298502958#1


2020-05-24 13:35:04,959 INFO receive config info: unknown#85825721ee90:8848#1590298504959#1


2020-05-24 13:35:06,960 INFO receive config info: unknown#85825721ee90:8848#1590298506960#1


2020-05-24 13:35:08,961 INFO receive config info: unknown#85825721ee90:8848#1590298508961#1


2020-05-24 13:35:10,961 INFO receive config info: unknown#85825721ee90:8848#1590298510961#1


2020-05-24 13:35:12,962 INFO receive config info: unknown#85825721ee90:8848#1590298512962#1


2020-05-24 13:35:14,963 INFO receive config info: unknown#85825721ee90:8848#1590298514963#1


2020-05-24 13:35:16,964 INFO receive config info: unknown#85825721ee90:8848#1590298516964#1


2020-05-24 13:35:18,965 INFO receive config info: unknown#85825721ee90:8848#1590298518965#1


2020-05-24 13:35:20,965 INFO receive config info: unknown#85825721ee90:8848#1590298520965#1


2020-05-24 13:35:22,966 INFO receive config info: unknown#85825721ee90:8848#1590298522966#1


2020-05-24 13:35:24,967 INFO receive config info: unknown#85825721ee90:8848#1590298524967#1


2020-05-24 13:35:26,968 INFO receive config info: unknown#85825721ee90:8848#1590298526968#1


2020-05-24 13:35:28,968 INFO receive config info: unknown#85825721ee90:8848#1590298528968#1


2020-05-24 13:35:30,969 INFO receive config info: unknown#85825721ee90:8848#1590298530969#1


2020-05-24 13:35:32,969 INFO receive config info: unknown#85825721ee90:8848#1590298532969#1


2020-05-24 13:35:34,970 INFO receive config info: unknown#85825721ee90:8848#1590298534970#1


2020-05-24 13:35:36,970 INFO receive config info: unknown#85825721ee90:8848#1590298536970#1


2020-05-24 13:35:38,971 INFO receive config info: unknown#85825721ee90:8848#1590298538971#1


2020-05-24 13:35:40,971 INFO receive config info: unknown#85825721ee90:8848#1590298540971#1


2020-05-24 13:35:42,972 INFO receive config info: unknown#85825721ee90:8848#1590298542972#1


2020-05-24 13:35:44,973 INFO receive config info: unknown#85825721ee90:8848#1590298544973#1


2020-05-24 13:35:46,974 INFO receive config info: unknown#85825721ee90:8848#1590298546974#1


2020-05-24 13:35:48,975 INFO receive config info: unknown#85825721ee90:8848#1590298548975#1


2020-05-24 13:35:50,975 INFO receive config info: unknown#85825721ee90:8848#1590298550975#1


2020-05-24 13:35:52,976 INFO receive config info: unknown#85825721ee90:8848#1590298552976#1


2020-05-24 13:35:54,977 INFO receive config info: unknown#85825721ee90:8848#1590298554977#1


2020-05-24 13:35:56,977 INFO receive config info: unknown#85825721ee90:8848#1590298556977#1


2020-05-24 13:35:58,978 INFO receive config info: unknown#85825721ee90:8848#1590298558978#1


2020-05-24 13:36:00,978 INFO receive config info: unknown#85825721ee90:8848#1590298560978#1


2020-05-24 13:36:02,979 INFO receive config info: unknown#85825721ee90:8848#1590298562979#1


2020-05-24 13:36:04,979 INFO receive config info: unknown#85825721ee90:8848#1590298564979#1


2020-05-24 13:36:06,980 INFO receive config info: unknown#85825721ee90:8848#1590298566980#1


2020-05-24 13:36:08,981 INFO receive config info: unknown#85825721ee90:8848#1590298568981#1


2020-05-24 13:36:10,983 INFO receive config info: unknown#85825721ee90:8848#1590298570983#1


2020-05-24 13:36:12,984 INFO receive config info: unknown#85825721ee90:8848#1590298572984#1


2020-05-24 13:36:14,984 INFO receive config info: unknown#85825721ee90:8848#1590298574984#1


2020-05-24 13:36:16,985 INFO receive config info: unknown#85825721ee90:8848#1590298576985#1


2020-05-24 13:36:18,986 INFO receive config info: unknown#85825721ee90:8848#1590298578986#1


2020-05-24 13:36:20,986 INFO receive config info: unknown#85825721ee90:8848#1590298580986#1


2020-05-24 13:36:22,987 INFO receive config info: unknown#85825721ee90:8848#1590298582987#1


2020-05-24 13:36:24,988 INFO receive config info: unknown#85825721ee90:8848#1590298584988#1


2020-05-24 13:36:26,988 INFO receive config info: unknown#85825721ee90:8848#1590298586988#1


2020-05-24 13:36:28,989 INFO receive config info: unknown#85825721ee90:8848#1590298588989#1


2020-05-24 13:36:30,990 INFO receive config info: unknown#85825721ee90:8848#1590298590990#1


2020-05-24 13:36:32,991 INFO receive config info: unknown#85825721ee90:8848#1590298592991#1


2020-05-24 13:36:34,992 INFO receive config info: unknown#85825721ee90:8848#1590298594992#1


2020-05-24 13:36:36,992 INFO receive config info: unknown#85825721ee90:8848#1590298596992#1


2020-05-24 13:36:38,993 INFO receive config info: unknown#85825721ee90:8848#1590298598993#1


2020-05-24 13:36:40,994 INFO receive config info: unknown#85825721ee90:8848#1590298600994#1


2020-05-24 13:36:42,994 INFO receive config info: unknown#85825721ee90:8848#1590298602994#1


2020-05-24 13:36:44,995 INFO receive config info: unknown#85825721ee90:8848#1590298604995#1


2020-05-24 13:36:46,996 INFO receive config info: unknown#85825721ee90:8848#1590298606996#1


2020-05-24 13:36:48,997 INFO receive config info: unknown#85825721ee90:8848#1590298608997#1


2020-05-24 13:36:50,997 INFO receive config info: unknown#85825721ee90:8848#1590298610997#1


2020-05-24 13:36:52,998 INFO receive config info: unknown#85825721ee90:8848#1590298612998#1


2020-05-24 13:36:54,998 INFO receive config info: unknown#85825721ee90:8848#1590298614998#1


2020-05-24 13:36:56,999 INFO receive config info: unknown#85825721ee90:8848#1590298616999#1


2020-05-24 13:36:59,000 INFO receive config info: unknown#85825721ee90:8848#1590298619000#1


2020-05-24 13:37:01,001 INFO receive config info: unknown#85825721ee90:8848#1590298621001#1


2020-05-24 13:37:03,002 INFO receive config info: unknown#85825721ee90:8848#1590298623002#1


2020-05-24 13:37:05,003 INFO receive config info: unknown#85825721ee90:8848#1590298625003#1


2020-05-24 13:37:07,003 INFO receive config info: unknown#85825721ee90:8848#1590298627003#1


2020-05-24 13:37:09,004 INFO receive config info: unknown#85825721ee90:8848#1590298629004#1


2020-05-24 13:37:11,005 INFO receive config info: unknown#85825721ee90:8848#1590298631005#1


2020-05-24 13:37:13,006 INFO receive config info: unknown#85825721ee90:8848#1590298633006#1


2020-05-24 13:37:15,006 INFO receive config info: unknown#85825721ee90:8848#1590298635006#1


2020-05-24 13:37:17,007 INFO receive config info: unknown#85825721ee90:8848#1590298637007#1


2020-05-24 13:37:19,008 INFO receive config info: unknown#85825721ee90:8848#1590298639008#1


2020-05-24 13:37:21,009 INFO receive config info: unknown#85825721ee90:8848#1590298641009#1


2020-05-24 13:37:23,009 INFO receive config info: unknown#85825721ee90:8848#1590298643009#1


2020-05-24 13:37:25,010 INFO receive config info: unknown#85825721ee90:8848#1590298645010#1


2020-05-24 13:37:27,010 INFO receive config info: unknown#85825721ee90:8848#1590298647010#1


2020-05-24 13:37:29,011 INFO receive config info: unknown#85825721ee90:8848#1590298649011#1


2020-05-24 13:37:31,012 INFO receive config info: unknown#85825721ee90:8848#1590298651012#1


2020-05-24 13:37:33,013 INFO receive config info: unknown#85825721ee90:8848#1590298653013#1


2020-05-24 13:37:35,014 INFO receive config info: unknown#85825721ee90:8848#1590298655014#1


2020-05-24 13:37:37,014 INFO receive config info: unknown#85825721ee90:8848#1590298657014#1


2020-05-24 13:37:39,015 INFO receive config info: unknown#85825721ee90:8848#1590298659015#1


2020-05-24 13:37:41,015 INFO receive config info: unknown#85825721ee90:8848#1590298661015#1


2020-05-24 13:37:43,016 INFO receive config info: unknown#85825721ee90:8848#1590298663016#1


2020-05-24 13:37:45,017 INFO receive config info: unknown#85825721ee90:8848#1590298665017#1


2020-05-24 13:37:47,017 INFO receive config info: unknown#85825721ee90:8848#1590298667017#1


2020-05-24 13:37:49,018 INFO receive config info: unknown#85825721ee90:8848#1590298669018#1


2020-05-24 13:37:51,019 INFO receive config info: unknown#85825721ee90:8848#1590298671019#1


2020-05-24 13:37:53,020 INFO receive config info: unknown#85825721ee90:8848#1590298673020#1


2020-05-24 13:37:55,021 INFO receive config info: unknown#85825721ee90:8848#1590298675021#1


2020-05-24 13:37:57,021 INFO receive config info: unknown#85825721ee90:8848#1590298677021#1


2020-05-24 13:37:59,022 INFO receive config info: unknown#85825721ee90:8848#1590298679022#1


2020-05-24 13:38:01,023 INFO receive config info: unknown#85825721ee90:8848#1590298681023#1


2020-05-24 13:38:03,024 INFO receive config info: unknown#85825721ee90:8848#1590298683024#1


2020-05-24 13:38:05,024 INFO receive config info: unknown#85825721ee90:8848#1590298685024#1


2020-05-24 13:38:07,025 INFO receive config info: unknown#85825721ee90:8848#1590298687025#1


2020-05-24 13:38:09,025 INFO receive config info: unknown#85825721ee90:8848#1590298689025#1


2020-05-24 13:38:11,026 INFO receive config info: unknown#85825721ee90:8848#1590298691026#1


2020-05-24 13:38:13,027 INFO receive config info: unknown#85825721ee90:8848#1590298693027#1


2020-05-24 13:38:15,028 INFO receive config info: unknown#85825721ee90:8848#1590298695028#1


2020-05-24 13:38:17,028 INFO receive config info: unknown#85825721ee90:8848#1590298697028#1


2020-05-24 13:38:19,029 INFO receive config info: unknown#85825721ee90:8848#1590298699029#1


2020-05-24 13:38:21,029 INFO receive config info: unknown#85825721ee90:8848#1590298701029#1


2020-05-24 13:38:23,030 INFO receive config info: unknown#85825721ee90:8848#1590298703030#1


2020-05-24 13:38:25,030 INFO receive config info: unknown#85825721ee90:8848#1590298705030#1


2020-05-24 13:38:27,031 INFO receive config info: unknown#85825721ee90:8848#1590298707031#1


2020-05-24 13:38:29,032 INFO receive config info: unknown#85825721ee90:8848#1590298709032#1


2020-05-24 13:38:31,032 INFO receive config info: unknown#85825721ee90:8848#1590298711032#1


2020-05-24 13:38:33,033 INFO receive config info: unknown#85825721ee90:8848#1590298713033#1


2020-05-24 13:38:35,033 INFO receive config info: unknown#85825721ee90:8848#1590298715033#1


2020-05-24 13:38:37,034 INFO receive config info: unknown#85825721ee90:8848#1590298717034#1


2020-05-24 13:38:39,034 INFO receive config info: unknown#85825721ee90:8848#1590298719034#1


2020-05-24 13:38:41,035 INFO receive config info: unknown#85825721ee90:8848#1590298721035#1


2020-05-24 13:38:43,036 INFO receive config info: unknown#85825721ee90:8848#1590298723036#1


2020-05-24 13:38:45,037 INFO receive config info: unknown#85825721ee90:8848#1590298725037#1


2020-05-24 13:38:47,038 INFO receive config info: unknown#85825721ee90:8848#1590298727038#1


2020-05-24 13:38:49,039 INFO receive config info: unknown#85825721ee90:8848#1590298729039#1


2020-05-24 13:38:51,039 INFO receive config info: unknown#85825721ee90:8848#1590298731039#1


2020-05-24 13:38:53,040 INFO receive config info: unknown#85825721ee90:8848#1590298733040#1


2020-05-24 13:38:55,041 INFO receive config info: unknown#85825721ee90:8848#1590298735041#1


2020-05-24 13:38:57,042 INFO receive config info: unknown#85825721ee90:8848#1590298737042#1


2020-05-24 13:38:59,042 INFO receive config info: unknown#85825721ee90:8848#1590298739042#1


2020-05-24 13:39:01,043 INFO receive config info: unknown#85825721ee90:8848#1590298741043#1


2020-05-24 13:39:03,043 INFO receive config info: unknown#85825721ee90:8848#1590298743043#1


2020-05-24 13:39:05,044 INFO receive config info: unknown#85825721ee90:8848#1590298745044#1


2020-05-24 13:39:07,044 INFO receive config info: unknown#85825721ee90:8848#1590298747044#1


2020-05-24 13:39:09,045 INFO receive config info: unknown#85825721ee90:8848#1590298749045#1


2020-05-24 13:39:11,045 INFO receive config info: unknown#85825721ee90:8848#1590298751045#1


2020-05-24 13:39:13,046 INFO receive config info: unknown#85825721ee90:8848#1590298753046#1


2020-05-24 13:39:15,046 INFO receive config info: unknown#85825721ee90:8848#1590298755046#1


2020-05-24 13:39:17,047 INFO receive config info: unknown#85825721ee90:8848#1590298757047#1


2020-05-24 13:39:19,048 INFO receive config info: unknown#85825721ee90:8848#1590298759048#1


2020-05-24 13:39:21,048 INFO receive config info: unknown#85825721ee90:8848#1590298761048#1


2020-05-24 13:39:23,049 INFO receive config info: unknown#85825721ee90:8848#1590298763049#1


2020-05-24 13:39:25,050 INFO receive config info: unknown#85825721ee90:8848#1590298765050#1


2020-05-24 13:39:27,051 INFO receive config info: unknown#85825721ee90:8848#1590298767051#1


2020-05-24 13:39:29,052 INFO receive config info: unknown#85825721ee90:8848#1590298769052#1


2020-05-24 13:39:31,052 INFO receive config info: unknown#85825721ee90:8848#1590298771052#1


2020-05-24 13:39:33,053 INFO receive config info: unknown#85825721ee90:8848#1590298773053#1


2020-05-24 13:39:35,054 INFO receive config info: unknown#85825721ee90:8848#1590298775054#1


2020-05-24 13:39:37,055 INFO receive config info: unknown#85825721ee90:8848#1590298777055#1


2020-05-24 13:39:39,056 INFO receive config info: unknown#85825721ee90:8848#1590298779056#1


2020-05-24 13:39:41,056 INFO receive config info: unknown#85825721ee90:8848#1590298781056#1


2020-05-24 13:39:43,057 INFO receive config info: unknown#85825721ee90:8848#1590298783057#1


2020-05-24 13:39:45,058 INFO receive config info: unknown#85825721ee90:8848#1590298785058#1


2020-05-24 13:39:47,058 INFO receive config info: unknown#85825721ee90:8848#1590298787058#1


2020-05-24 13:39:49,059 INFO receive config info: unknown#85825721ee90:8848#1590298789059#1


2020-05-24 13:39:51,059 INFO receive config info: unknown#85825721ee90:8848#1590298791059#1


2020-05-24 13:39:53,060 INFO receive config info: unknown#85825721ee90:8848#1590298793060#1


2020-05-24 13:39:55,061 INFO receive config info: unknown#85825721ee90:8848#1590298795061#1


2020-05-24 13:39:57,061 INFO receive config info: unknown#85825721ee90:8848#1590298797061#1


2020-05-24 13:39:59,062 INFO receive config info: unknown#85825721ee90:8848#1590298799062#1


2020-05-24 13:40:01,062 INFO receive config info: unknown#85825721ee90:8848#1590298801062#1


2020-05-24 13:40:03,063 INFO receive config info: unknown#85825721ee90:8848#1590298803063#1


2020-05-24 13:40:05,063 INFO receive config info: unknown#85825721ee90:8848#1590298805063#1


2020-05-24 13:40:07,064 INFO receive config info: unknown#85825721ee90:8848#1590298807064#1


2020-05-24 13:40:09,064 INFO receive config info: unknown#85825721ee90:8848#1590298809064#1


2020-05-24 13:40:11,065 INFO receive config info: unknown#85825721ee90:8848#1590298811065#1


2020-05-24 13:40:13,065 INFO receive config info: unknown#85825721ee90:8848#1590298813065#1


2020-05-24 13:40:15,066 INFO receive config info: unknown#85825721ee90:8848#1590298815066#1


2020-05-24 13:40:17,067 INFO receive config info: unknown#85825721ee90:8848#1590298817067#1


2020-05-24 13:40:19,067 INFO receive config info: unknown#85825721ee90:8848#1590298819067#1


2020-05-24 13:40:21,068 INFO receive config info: unknown#85825721ee90:8848#1590298821068#1


2020-05-24 13:40:23,068 INFO receive config info: unknown#85825721ee90:8848#1590298823068#1


2020-05-24 13:40:25,069 INFO receive config info: unknown#85825721ee90:8848#1590298825069#1


2020-05-24 13:40:27,069 INFO receive config info: unknown#85825721ee90:8848#1590298827069#1


2020-05-24 13:40:29,070 INFO receive config info: unknown#85825721ee90:8848#1590298829070#1


2020-05-24 13:40:31,071 INFO receive config info: unknown#85825721ee90:8848#1590298831071#1


2020-05-24 13:40:33,071 INFO receive config info: unknown#85825721ee90:8848#1590298833071#1


2020-05-24 13:40:35,072 INFO receive config info: unknown#85825721ee90:8848#1590298835072#1


2020-05-24 13:40:37,073 INFO receive config info: unknown#85825721ee90:8848#1590298837073#1


