
         ,--.
       ,--.'|
   ,--,:  : |                                           Nacos 1.2.0
,`--.'`|  ' :                       ,---.               Running in stand alone mode, All function modules
|   :  :  | |                      '   ,'\   .--.--.    Port: 8848
:   |   \ | :  ,--.--.     ,---.  /   /   | /  /    '   Pid: 23
|   : '  '; | /       \   /     \.   ; ,. :|  :  /`./   Console: http://85825721ee90:8848/nacos/index.html
'   ' ;.    ;.--.  .-. | /    / ''   | |: :|  :  ;_
|   | | \   | \__\/: . ..    ' / '   | .; : \  \    `.      https://nacos.io
'   : |  ; .' ," .--.; |'   ; :__|   :    |  `----.   \
|   | '`--'  /  /  ,.  |'   | '.'|\   \  /  /  /`--'  /
'   : |     ;  :   .'   \   :    : `----'  '--'.     /
;   |.'     |  ,     .-./\   \  /            `--'---'
'---'        `--`---'     `----'

2020-06-21 15:38:34,221 INFO Bean 'org.springframework.security.config.annotation.configuration.ObjectPostProcessorConfiguration' of type [org.springframework.security.config.annotation.configuration.ObjectPostProcessorConfiguration$$EnhancerBySpringCGLIB$$cbd40a56] is not eligible for getting processed by all BeanPostProcessors (for example: not eligible for auto-proxying)

2020-06-21 15:38:34,514 INFO Bean 'objectPostProcessor' of type [org.springframework.security.config.annotation.configuration.AutowireBeanFactoryObjectPostProcessor] is not eligible for getting processed by all BeanPostProcessors (for example: not eligible for auto-proxying)

2020-06-21 15:38:34,522 INFO Bean 'org.springframework.security.access.expression.method.DefaultMethodSecurityExpressionHandler@6f01b95f' of type [org.springframework.security.access.expression.method.DefaultMethodSecurityExpressionHandler] is not eligible for getting processed by all BeanPostProcessors (for example: not eligible for auto-proxying)

2020-06-21 15:38:34,529 INFO Bean 'org.springframework.security.config.annotation.method.configuration.GlobalMethodSecurityConfiguration' of type [org.springframework.security.config.annotation.method.configuration.GlobalMethodSecurityConfiguration$$EnhancerBySpringCGLIB$$f0a8ad08] is not eligible for getting processed by all BeanPostProcessors (for example: not eligible for auto-proxying)

2020-06-21 15:38:34,547 INFO Bean 'methodSecurityMetadataSource' of type [org.springframework.security.access.method.DelegatingMethodSecurityMetadataSource] is not eligible for getting processed by all BeanPostProcessors (for example: not eligible for auto-proxying)

2020-06-21 15:38:36,942 INFO Tomcat initialized with port(s): 8848 (http)

2020-06-21 15:38:37,649 INFO Root WebApplicationContext: initialization completed in 7307 ms

2020-06-21 15:38:45,866 INFO Initializing ExecutorService 'applicationTaskExecutor'

2020-06-21 15:38:46,171 INFO Adding welcome page: class path resource [static/index.html]

2020-06-21 15:38:46,640 INFO Creating filter chain: Ant [pattern='/**'], []

2020-06-21 15:38:46,716 INFO Creating filter chain: any request, [org.springframework.security.web.context.request.async.WebAsyncManagerIntegrationFilter@650eab8, org.springframework.security.web.context.SecurityContextPersistenceFilter@14f5da2c, org.springframework.security.web.header.HeaderWriterFilter@56c9bbd8, org.springframework.security.web.csrf.CsrfFilter@4bff1903, org.springframework.security.web.authentication.logout.LogoutFilter@5b7ea70d, org.springframework.security.web.savedrequest.RequestCacheAwareFilter@239b0f9d, org.springframework.security.web.servletapi.SecurityContextHolderAwareRequestFilter@1eb6749b, org.springframework.security.web.authentication.AnonymousAuthenticationFilter@30f5a68a, org.springframework.security.web.session.SessionManagementFilter@636e8cc, org.springframework.security.web.access.ExceptionTranslationFilter@5827af16]

2020-06-21 15:38:46,889 INFO Exposing 16 endpoint(s) beneath base path '/actuator'

2020-06-21 15:38:46,963 INFO Initializing ExecutorService 'taskScheduler'

2020-06-21 15:38:47,215 INFO Tomcat started on port(s): 8848 (http) with context path '/nacos'

2020-06-21 15:38:47,237 INFO Nacos logs files: /home/nacos/logs/

2020-06-21 15:38:47,238 INFO Nacos conf files: /home/nacos/conf/

2020-06-21 15:38:47,238 INFO Nacos data files: /home/nacos/data/

2020-06-21 15:38:47,238 INFO Nacos started successfully in stand alone mode.

2020-06-21 15:38:47,415 INFO Initializing Servlet 'dispatcherServlet'

2020-06-21 15:38:47,430 INFO Completed initialization in 15 ms

